<?xml version="1.0" encoding="UTF-8"?>
<!-- Generated by org.testng.reporters.JUnitXMLReporter -->
<testsuite ignored="0" hostname="LAPTOP-BIM2FR3V" failures="0" tests="4" name="Test" time="55.195" errors="0" timestamp="2024-08-02T04:55:47 IST">
  <testcase classname="Scenario.WindowSwitching" name="switchWin" time="12.491"/>
  <testcase classname="Scenario.HandlingDynData" name="DynData" time="10.956"/>
  <testcase classname="Scenario.RadiCheckBox" name="ChekRadAndChkBox" time="20.881"/>
  <testcase classname="Scenario.MouseHover" name="dragAndDrop" time="10.813"/>
</testsuite> <!-- Test -->
