<?xml version="1.0" encoding="UTF-8"?>
<!-- Generated by org.testng.reporters.JUnitXMLReporter -->
<testsuite ignored="0" hostname="LAPTOP-BIM2FR3V" failures="0" tests="4" name="Test" time="52.752" errors="0" timestamp="2024-08-03T04:57:17 IST">
  <testcase classname="Scenario.WindowSwitching" name="switchWin" time="9.238"/>
  <testcase classname="Scenario.HandlingDynData" name="DynData" time="10.863"/>
  <testcase classname="Scenario.RadiCheckBox" name="ChekRadAndChkBox" time="21.236"/>
  <testcase classname="Scenario.MouseHover" name="dragAndDrop" time="11.33"/>
</testsuite> <!-- Test -->
