<?xml version="1.0" encoding="UTF-8"?>
<testng-results ignored="0" total="4" passed="4" failed="0" skipped="0">
  <reporter-output>
  </reporter-output>
  <suite started-at="2024-08-02T04:54:52 IST" name="Suite" finished-at="2024-08-02T04:55:47 IST" duration-ms="55195">
    <groups>
    </groups>
    <test started-at="2024-08-02T04:54:52 IST" name="Test" finished-at="2024-08-02T04:55:47 IST" duration-ms="55195">
      <class name="Scenario.RadiCheckBox">
        <test-method signature="ChekRadAndChkBox()[pri:0, instance:Scenario.RadiCheckBox@61df66b6]" started-at="2024-08-02T04:55:15 IST" name="ChekRadAndChkBox" finished-at="2024-08-02T04:55:36 IST" duration-ms="20881" status="PASS">
          <reporter-output>
          </reporter-output>
        </test-method> <!-- ChekRadAndChkBox -->
      </class> <!-- Scenario.RadiCheckBox -->
      <class name="Scenario.WindowSwitching">
        <test-method signature="switchWin()[pri:0, instance:Scenario.WindowSwitching@3c407114]" started-at="2024-08-02T04:54:52 IST" name="switchWin" finished-at="2024-08-02T04:55:04 IST" duration-ms="12491" status="PASS">
          <reporter-output>
          </reporter-output>
        </test-method> <!-- switchWin -->
      </class> <!-- Scenario.WindowSwitching -->
      <class name="Scenario.HandlingDynData">
        <test-method signature="DynData()[pri:0, instance:Scenario.HandlingDynData@291ae]" started-at="2024-08-02T04:55:04 IST" name="DynData" finished-at="2024-08-02T04:55:15 IST" duration-ms="10956" status="PASS">
          <reporter-output>
          </reporter-output>
        </test-method> <!-- DynData -->
      </class> <!-- Scenario.HandlingDynData -->
      <class name="Scenario.MouseHover">
        <test-method signature="dragAndDrop()[pri:0, instance:Scenario.MouseHover@50eac852]" started-at="2024-08-02T04:55:36 IST" name="dragAndDrop" finished-at="2024-08-02T04:55:47 IST" duration-ms="10813" status="PASS">
          <reporter-output>
          </reporter-output>
        </test-method> <!-- dragAndDrop -->
      </class> <!-- Scenario.MouseHover -->
    </test> <!-- Test -->
  </suite> <!-- Suite -->
</testng-results>
